{
  "RSpec": {
    "coverage": {
      "/Users/edward/Desktop/Software Engineering aspects/Rails_projects/recipe_app_api/recipe_app_with_frontend/spec/features/comments/add_comment_spec.rb": [
        1,
        null,
        1,
        2,
        2,
        2,
        null,
        1,
        1,
        1,
        1,
        1,
        null,
        1,
        null,
        1,
        1,
        1,
        null,
        null,
        1,
        1,
        null,
        null,
        null
      ],
      "/Users/edward/Desktop/Software Engineering aspects/Rails_projects/recipe_app_api/recipe_app_with_frontend/spec/rails_helper.rb": [
        null,
        1,
        1,
        1,
        null,
        1,
        1,
        1,
        null,
        null,
        2,
        null,
        null,
        null,
        null,
        null,
        null,
        null,
        null,
        null,
        null,
        null,
        null,
        null,
        null,
        null,
        null,
        null,
        null,
        null,
        1,
        null,
        0,
        0,
        null,
        1,
        null,
        1,
        null,
        null,
        null,
        null,
        1,
        null,
        null,
        null,
        null,
        null,
        null,
        null,
        null,
        null,
        null,
        null,
        null,
        null,
        null,
        null,
        null,
        null,
        1,
        null,
        null,
        1,
        null,
        null,
        null,
        1,
        1,
        1,
        1,
        null,
        null,
        null,
        null
      ],
      "/Users/edward/Desktop/Software Engineering aspects/Rails_projects/recipe_app_api/recipe_app_with_frontend/config/environment.rb": [
        null,
        1,
        null,
        null,
        1
      ],
      "/Users/edward/Desktop/Software Engineering aspects/Rails_projects/recipe_app_api/recipe_app_with_frontend/config/application.rb": [
        1,
        null,
        1,
        null,
        1,
        1,
        1,
        1,
        1,
        1,
        1,
        1,
        1,
        1,
        1,
        null,
        null,
        null,
        null,
        1,
        null,
        1,
        1,
        null,
        1,
        null,
        null,
        null,
        null,
        null,
        null,
        null,
        null,
        null,
        null,
        1,
        null,
        null
      ],
      "/Users/edward/Desktop/Software Engineering aspects/Rails_projects/recipe_app_api/recipe_app_with_frontend/config/boot.rb": [
        1,
        null,
        1,
        1
      ],
      "/Users/edward/Desktop/Software Engineering aspects/Rails_projects/recipe_app_api/recipe_app_with_frontend/config/environments/test.rb": [
        1,
        null,
        null,
        null,
        null,
        null,
        null,
        1,
        null,
        null,
        1,
        1,
        null,
        null,
        null,
        null,
        1,
        null,
        null,
        1,
        1,
        null,
        null,
        null,
        null,
        1,
        1,
        1,
        null,
        null,
        1,
        null,
        null,
        1,
        null,
        null,
        1,
        null,
        1,
        null,
        null,
        null,
        null,
        1,
        null,
        null,
        1,
        null,
        null,
        1,
        null,
        null,
        1,
        null,
        null,
        null,
        null,
        null,
        null,
        null
      ],
      "/Users/edward/Desktop/Software Engineering aspects/Rails_projects/recipe_app_api/recipe_app_with_frontend/config/initializers/application_controller_renderer.rb": [
        null,
        null,
        null,
        null,
        null,
        null,
        null,
        null
      ],
      "/Users/edward/Desktop/Software Engineering aspects/Rails_projects/recipe_app_api/recipe_app_with_frontend/config/initializers/assets.rb": [
        null,
        null,
        null,
        1,
        null,
        null,
        null,
        null,
        1,
        null,
        null,
        null,
        null,
        null
      ],
      "/Users/edward/Desktop/Software Engineering aspects/Rails_projects/recipe_app_api/recipe_app_with_frontend/config/initializers/backtrace_silencers.rb": [
        null,
        null,
        null,
        null,
        null,
        null,
        null,
        1
      ],
      "/Users/edward/Desktop/Software Engineering aspects/Rails_projects/recipe_app_api/recipe_app_with_frontend/config/initializers/content_security_policy.rb": [
        null,
        null,
        null,
        null,
        null,
        null,
        null,
        null,
        null,
        null,
        null,
        null,
        null,
        null,
        null,
        null,
        null,
        null,
        null,
        null,
        null,
        null,
        null,
        null,
        null,
        null,
        null,
        null,
        null,
        null
      ],
      "/Users/edward/Desktop/Software Engineering aspects/Rails_projects/recipe_app_api/recipe_app_with_frontend/config/initializers/cookies_serializer.rb": [
        null,
        null,
        null,
        null,
        1
      ],
      "/Users/edward/Desktop/Software Engineering aspects/Rails_projects/recipe_app_api/recipe_app_with_frontend/config/initializers/devise.rb": [
        null,
        null,
        null,
        null,
        null,
        null,
        null,
        null,
        null,
        null,
        1,
        null,
        null,
        null,
        null,
        null,
        null,
        null,
        null,
        null,
        null,
        null,
        null,
        null,
        null,
        null,
        1,
        null,
        null,
        null,
        null,
        null,
        null,
        null,
        null,
        null,
        null,
        null,
        1,
        null,
        null,
        null,
        null,
        null,
        null,
        null,
        null,
        null,
        null,
        null,
        null,
        null,
        null,
        null,
        null,
        null,
        null,
        null,
        null,
        null,
        1,
        null,
        null,
        null,
        null,
        1,
        null,
        null,
        null,
        null,
        null,
        null,
        null,
        null,
        null,
        null,
        null,
        null,
        null,
        null,
        null,
        null,
        null,
        null,
        null,
        null,
        null,
        null,
        null,
        null,
        null,
        null,
        null,
        null,
        null,
        null,
        null,
        null,
        null,
        1,
        null,
        null,
        null,
        null,
        null,
        null,
        null,
        null,
        null,
        null,
        null,
        null,
        null,
        null,
        null,
        null,
        null,
        null,
        null,
        null,
        null,
        null,
        null,
        null,
        null,
        1,
        null,
        null,
        null,
        null,
        null,
        null,
        null,
        null,
        null,
        null,
        null,
        null,
        null,
        null,
        null,
        null,
        null,
        null,
        null,
        null,
        null,
        null,
        null,
        null,
        null,
        null,
        null,
        null,
        null,
        null,
        null,
        null,
        null,
        1,
        null,
        null,
        null,
        null,
        null,
        null,
        null,
        null,
        null,
        1,
        null,
        null,
        null,
        null,
        null,
        null,
        null,
        null,
        null,
        null,
        1,
        null,
        null,
        null,
        null,
        1,
        null,
        null,
        null,
        null,
        null,
        null,
        null,
        null,
        null,
        null,
        null,
        null,
        null,
        null,
        null,
        null,
        null,
        null,
        null,
        null,
        null,
        null,
        null,
        null,
        null,
        null,
        null,
        null,
        null,
        null,
        null,
        null,
        null,
        null,
        null,
        null,
        null,
        null,
        null,
        null,
        1,
        null,
        null,
        null,
        null,
        null,
        null,
        null,
        null,
        null,
        null,
        null,
        null,
        null,
        null,
        null,
        null,
        null,
        null,
        null,
        null,
        null,
        null,
        null,
        null,
        null,
        null,
        null,
        null,
        null,
        null,
        null,
        null,
        null,
        null,
        null,
        null,
        null,
        null,
        null,
        null,
        null,
        1,
        null,
        null,
        null,
        null,
        null,
        null,
        null,
        null,
        null,
        null,
        null,
        null,
        null,
        null,
        null,
        null,
        null,
        null,
        null,
        null,
        null,
        null,
        null,
        null,
        null,
        null,
        null,
        null,
        null,
        null,
        null,
        null,
        null,
        null,
        null,
        null,
        null,
        null,
        null,
        null,
        null,
        null
      ],
      "/Users/edward/Desktop/Software Engineering aspects/Rails_projects/recipe_app_api/recipe_app_with_frontend/config/initializers/filter_parameter_logging.rb": [
        null,
        null,
        null,
        1,
        null,
        null
      ],
      "/Users/edward/Desktop/Software Engineering aspects/Rails_projects/recipe_app_api/recipe_app_with_frontend/config/initializers/inflections.rb": [
        null,
        null,
        null,
        null,
        null,
        null,
        null,
        null,
        null,
        null,
        null,
        null,
        null,
        null,
        null,
        null
      ],
      "/Users/edward/Desktop/Software Engineering aspects/Rails_projects/recipe_app_api/recipe_app_with_frontend/config/initializers/mime_types.rb": [
        null,
        null,
        null,
        null
      ],
      "/Users/edward/Desktop/Software Engineering aspects/Rails_projects/recipe_app_api/recipe_app_with_frontend/config/initializers/permissions_policy.rb": [
        null,
        null,
        null,
        null,
        null,
        null,
        null,
        null,
        null,
        null,
        null
      ],
      "/Users/edward/Desktop/Software Engineering aspects/Rails_projects/recipe_app_api/recipe_app_with_frontend/config/initializers/wrap_parameters.rb": [
        null,
        null,
        null,
        null,
        null,
        null,
        1,
        1,
        null,
        null,
        null,
        null,
        null,
        null
      ],
      "/Users/edward/Desktop/Software Engineering aspects/Rails_projects/recipe_app_api/recipe_app_with_frontend/spec/factories/comments.rb": [
        1,
        1,
        1,
        1,
        2,
        null,
        null
      ],
      "/Users/edward/Desktop/Software Engineering aspects/Rails_projects/recipe_app_api/recipe_app_with_frontend/spec/factories/models.rb": [
        1,
        1,
        null,
        null,
        null
      ],
      "/Users/edward/Desktop/Software Engineering aspects/Rails_projects/recipe_app_api/recipe_app_with_frontend/spec/factories/recipes.rb": [
        null,
        1,
        1,
        2,
        null,
        2,
        null,
        null,
        2,
        2,
        1,
        null,
        null
      ],
      "/Users/edward/Desktop/Software Engineering aspects/Rails_projects/recipe_app_api/recipe_app_with_frontend/spec/factories/users.rb": [
        1,
        1,
        2,
        2,
        2,
        null,
        null
      ],
      "/Users/edward/Desktop/Software Engineering aspects/Rails_projects/recipe_app_api/recipe_app_with_frontend/config/routes.rb": [
        1,
        1,
        1,
        null,
        null,
        1,
        1,
        null,
        null,
        1,
        1,
        1,
        1,
        null,
        null,
        1,
        1,
        1,
        1,
        1,
        null,
        1,
        1,
        1,
        null,
        null,
        null,
        1,
        1,
        1,
        null,
        null,
        1,
        null
      ],
      "/Users/edward/Desktop/Software Engineering aspects/Rails_projects/recipe_app_api/recipe_app_with_frontend/app/models/user.rb": [
        1,
        null,
        null,
        null,
        null,
        null,
        1,
        1,
        null,
        1,
        null,
        1,
        1,
        1,
        null,
        null
      ],
      "/Users/edward/Desktop/Software Engineering aspects/Rails_projects/recipe_app_api/recipe_app_with_frontend/app/models/application_record.rb": [
        1,
        1,
        null
      ],
      "/Users/edward/Desktop/Software Engineering aspects/Rails_projects/recipe_app_api/recipe_app_with_frontend/app/models/model.rb": [
        1,
        null,
        null,
        1,
        null,
        null
      ],
      "/Users/edward/Desktop/Software Engineering aspects/Rails_projects/recipe_app_api/recipe_app_with_frontend/app/helpers/application_helper.rb": [
        1,
        1,
        5,
        null,
        null
      ],
      "/Users/edward/Desktop/Software Engineering aspects/Rails_projects/recipe_app_api/recipe_app_with_frontend/app/helpers/comments_helper.rb": [
        1,
        null
      ],
      "/Users/edward/Desktop/Software Engineering aspects/Rails_projects/recipe_app_api/recipe_app_with_frontend/app/helpers/recipes_helper.rb": [
        1,
        null
      ],
      "/Users/edward/Desktop/Software Engineering aspects/Rails_projects/recipe_app_api/recipe_app_with_frontend/app/helpers/sessions_helper.rb": [
        1,
        null
      ],
      "/Users/edward/Desktop/Software Engineering aspects/Rails_projects/recipe_app_api/recipe_app_with_frontend/app/helpers/users_helper.rb": [
        1,
        null
      ],
      "/Users/edward/Desktop/Software Engineering aspects/Rails_projects/recipe_app_api/recipe_app_with_frontend/spec/support/factory_bot.rb": [
        null,
        1,
        1,
        null
      ],
      "/Users/edward/Desktop/Software Engineering aspects/Rails_projects/recipe_app_api/recipe_app_with_frontend/app/models/recipe.rb": [
        1,
        1,
        1,
        1,
        1,
        null
      ],
      "/Users/edward/Desktop/Software Engineering aspects/Rails_projects/recipe_app_api/recipe_app_with_frontend/app/models/comment.rb": [
        1,
        1,
        1,
        1,
        null
      ],
      "/Users/edward/Desktop/Software Engineering aspects/Rails_projects/recipe_app_api/recipe_app_with_frontend/app/controllers/sessions_controller.rb": [
        1,
        1,
        1,
        1,
        null,
        null,
        1,
        1,
        1,
        null,
        1,
        1,
        1,
        null,
        null,
        0,
        null,
        null,
        null,
        1,
        0,
        null,
        null,
        1,
        0,
        0,
        0,
        null,
        0,
        null,
        null,
        null,
        1,
        0,
        null,
        null
      ],
      "/Users/edward/Desktop/Software Engineering aspects/Rails_projects/recipe_app_api/recipe_app_with_frontend/app/controllers/application_controller.rb": [
        1,
        null
      ],
      "/Users/edward/Desktop/Software Engineering aspects/Rails_projects/recipe_app_api/recipe_app_with_frontend/app/controllers/recipes_controller.rb": [
        1,
        1,
        1,
        null,
        1,
        0,
        null,
        null,
        0,
        null,
        null,
        null,
        1,
        0,
        null,
        null,
        1,
        1,
        1,
        null,
        null,
        null,
        1,
        2,
        2,
        2,
        2,
        2,
        null,
        null,
        1,
        null,
        null,
        1,
        null,
        0,
        0,
        0,
        null,
        null,
        null,
        1,
        0,
        null,
        null,
        1,
        0,
        0,
        0,
        null,
        null,
        1,
        0,
        0,
        null,
        null,
        1,
        0,
        0,
        0,
        null,
        1,
        null,
        1,
        0,
        null,
        null,
        null
      ],
      "/Users/edward/Desktop/Software Engineering aspects/Rails_projects/recipe_app_api/recipe_app_with_frontend/app/controllers/comments_controller.rb": [
        1,
        1,
        1,
        null,
        1,
        1,
        null,
        null,
        0,
        null,
        null,
        null,
        1,
        1,
        1,
        null,
        null,
        1,
        0,
        0,
        0,
        null,
        null,
        null,
        1,
        1,
        null,
        null,
        null
      ]
    },
    "timestamp": 1631091281
  }
}
