{
  "RSpec": {
    "coverage": {
      "/Users/edward/Desktop/Software Engineering aspects/Rails_projects/recipe_app_api/recipe_app_with_frontend/spec/features/users/signin_spec.rb": [

      ],
      "/Users/edward/Desktop/Software Engineering aspects/Rails_projects/recipe_app_api/recipe_app_with_frontend/spec/helpers/comments_helper_spec.rb": [
        1,
        null,
        null,
        null,
        null,
        null,
        null,
        null,
        null,
        null,
        null,
        null,
        1,
        1,
        null
      ],
      "/Users/edward/Desktop/Software Engineering aspects/Rails_projects/recipe_app_api/recipe_app_with_frontend/spec/rails_helper.rb": [
        null,
        1,
        1,
        1,
        null,
        1,
        1,
        1,
        null,
        null,
        2,
        null,
        null,
        null,
        null,
        null,
        null,
        null,
        null,
        null,
        null,
        null,
        null,
        null,
        null,
        null,
        null,
        null,
        null,
        null,
        1,
        null,
        0,
        0,
        null,
        1,
        null,
        1,
        null,
        null,
        null,
        null,
        1,
        null,
        null,
        null,
        null,
        null,
        null,
        null,
        null,
        null,
        null,
        null,
        null,
        null,
        null,
        null,
        null,
        null,
        1,
        null,
        null,
        1,
        null,
        null,
        null,
        1,
        1,
        1,
        1,
        null,
        null,
        null,
        null
      ],
      "/Users/edward/Desktop/Software Engineering aspects/Rails_projects/recipe_app_api/recipe_app_with_frontend/config/environment.rb": [
        null,
        1,
        null,
        null,
        1
      ],
      "/Users/edward/Desktop/Software Engineering aspects/Rails_projects/recipe_app_api/recipe_app_with_frontend/config/application.rb": [
        1,
        null,
        1,
        null,
        1,
        1,
        1,
        1,
        1,
        1,
        1,
        1,
        1,
        1,
        1,
        null,
        null,
        null,
        null,
        1,
        null,
        1,
        1,
        null,
        1,
        null,
        null,
        null,
        null,
        null,
        null,
        null,
        null,
        null,
        null,
        1,
        null,
        null
      ],
      "/Users/edward/Desktop/Software Engineering aspects/Rails_projects/recipe_app_api/recipe_app_with_frontend/config/boot.rb": [
        1,
        null,
        1,
        1
      ],
      "/Users/edward/Desktop/Software Engineering aspects/Rails_projects/recipe_app_api/recipe_app_with_frontend/config/environments/test.rb": [
        1,
        null,
        null,
        null,
        null,
        null,
        null,
        1,
        null,
        null,
        1,
        1,
        null,
        null,
        null,
        null,
        1,
        null,
        null,
        1,
        1,
        null,
        null,
        null,
        null,
        1,
        1,
        1,
        null,
        null,
        1,
        null,
        null,
        1,
        null,
        null,
        1,
        null,
        1,
        null,
        null,
        null,
        null,
        1,
        null,
        null,
        1,
        null,
        null,
        1,
        null,
        null,
        1,
        null,
        null,
        null,
        null,
        null,
        null,
        null
      ],
      "/Users/edward/Desktop/Software Engineering aspects/Rails_projects/recipe_app_api/recipe_app_with_frontend/config/initializers/application_controller_renderer.rb": [
        null,
        null,
        null,
        null,
        null,
        null,
        null,
        null
      ],
      "/Users/edward/Desktop/Software Engineering aspects/Rails_projects/recipe_app_api/recipe_app_with_frontend/config/initializers/assets.rb": [
        null,
        null,
        null,
        1,
        null,
        null,
        null,
        null,
        1,
        null,
        null,
        null,
        null,
        null
      ],
      "/Users/edward/Desktop/Software Engineering aspects/Rails_projects/recipe_app_api/recipe_app_with_frontend/config/initializers/backtrace_silencers.rb": [
        null,
        null,
        null,
        null,
        null,
        null,
        null,
        1
      ],
      "/Users/edward/Desktop/Software Engineering aspects/Rails_projects/recipe_app_api/recipe_app_with_frontend/config/initializers/content_security_policy.rb": [
        null,
        null,
        null,
        null,
        null,
        null,
        null,
        null,
        null,
        null,
        null,
        null,
        null,
        null,
        null,
        null,
        null,
        null,
        null,
        null,
        null,
        null,
        null,
        null,
        null,
        null,
        null,
        null,
        null,
        null
      ],
      "/Users/edward/Desktop/Software Engineering aspects/Rails_projects/recipe_app_api/recipe_app_with_frontend/config/initializers/cookies_serializer.rb": [
        null,
        null,
        null,
        null,
        1
      ],
      "/Users/edward/Desktop/Software Engineering aspects/Rails_projects/recipe_app_api/recipe_app_with_frontend/config/initializers/devise.rb": [
        null,
        null,
        null,
        null,
        null,
        null,
        null,
        null,
        null,
        null,
        1,
        null,
        null,
        null,
        null,
        null,
        null,
        null,
        null,
        null,
        null,
        null,
        null,
        null,
        null,
        null,
        1,
        null,
        null,
        null,
        null,
        null,
        null,
        null,
        null,
        null,
        null,
        null,
        1,
        null,
        null,
        null,
        null,
        null,
        null,
        null,
        null,
        null,
        null,
        null,
        null,
        null,
        null,
        null,
        null,
        null,
        null,
        null,
        null,
        null,
        1,
        null,
        null,
        null,
        null,
        1,
        null,
        null,
        null,
        null,
        null,
        null,
        null,
        null,
        null,
        null,
        null,
        null,
        null,
        null,
        null,
        null,
        null,
        null,
        null,
        null,
        null,
        null,
        null,
        null,
        null,
        null,
        null,
        null,
        null,
        null,
        null,
        null,
        null,
        1,
        null,
        null,
        null,
        null,
        null,
        null,
        null,
        null,
        null,
        null,
        null,
        null,
        null,
        null,
        null,
        null,
        null,
        null,
        null,
        null,
        null,
        null,
        null,
        null,
        null,
        1,
        null,
        null,
        null,
        null,
        null,
        null,
        null,
        null,
        null,
        null,
        null,
        null,
        null,
        null,
        null,
        null,
        null,
        null,
        null,
        null,
        null,
        null,
        null,
        null,
        null,
        null,
        null,
        null,
        null,
        null,
        null,
        null,
        null,
        1,
        null,
        null,
        null,
        null,
        null,
        null,
        null,
        null,
        null,
        1,
        null,
        null,
        null,
        null,
        null,
        null,
        null,
        null,
        null,
        null,
        1,
        null,
        null,
        null,
        null,
        1,
        null,
        null,
        null,
        null,
        null,
        null,
        null,
        null,
        null,
        null,
        null,
        null,
        null,
        null,
        null,
        null,
        null,
        null,
        null,
        null,
        null,
        null,
        null,
        null,
        null,
        null,
        null,
        null,
        null,
        null,
        null,
        null,
        null,
        null,
        null,
        null,
        null,
        null,
        null,
        null,
        1,
        null,
        null,
        null,
        null,
        null,
        null,
        null,
        null,
        null,
        null,
        null,
        null,
        null,
        null,
        null,
        null,
        null,
        null,
        null,
        null,
        null,
        null,
        null,
        null,
        null,
        null,
        null,
        null,
        null,
        null,
        null,
        null,
        null,
        null,
        null,
        null,
        null,
        null,
        null,
        null,
        null,
        1,
        null,
        null,
        null,
        null,
        null,
        null,
        null,
        null,
        null,
        null,
        null,
        null,
        null,
        null,
        null,
        null,
        null,
        null,
        null,
        null,
        null,
        null,
        null,
        null,
        null,
        null,
        null,
        null,
        null,
        null,
        null,
        null,
        null,
        null,
        null,
        null,
        null,
        null,
        null,
        null,
        null,
        null
      ],
      "/Users/edward/Desktop/Software Engineering aspects/Rails_projects/recipe_app_api/recipe_app_with_frontend/config/initializers/filter_parameter_logging.rb": [
        null,
        null,
        null,
        1,
        null,
        null
      ],
      "/Users/edward/Desktop/Software Engineering aspects/Rails_projects/recipe_app_api/recipe_app_with_frontend/config/initializers/inflections.rb": [
        null,
        null,
        null,
        null,
        null,
        null,
        null,
        null,
        null,
        null,
        null,
        null,
        null,
        null,
        null,
        null
      ],
      "/Users/edward/Desktop/Software Engineering aspects/Rails_projects/recipe_app_api/recipe_app_with_frontend/config/initializers/mime_types.rb": [
        null,
        null,
        null,
        null
      ],
      "/Users/edward/Desktop/Software Engineering aspects/Rails_projects/recipe_app_api/recipe_app_with_frontend/config/initializers/permissions_policy.rb": [
        null,
        null,
        null,
        null,
        null,
        null,
        null,
        null,
        null,
        null,
        null
      ],
      "/Users/edward/Desktop/Software Engineering aspects/Rails_projects/recipe_app_api/recipe_app_with_frontend/config/initializers/wrap_parameters.rb": [
        null,
        null,
        null,
        null,
        null,
        null,
        1,
        1,
        null,
        null,
        null,
        null,
        null,
        null
      ],
      "/Users/edward/Desktop/Software Engineering aspects/Rails_projects/recipe_app_api/recipe_app_with_frontend/spec/factories/comments.rb": [
        1,
        1,
        1,
        1,
        13,
        null,
        null
      ],
      "/Users/edward/Desktop/Software Engineering aspects/Rails_projects/recipe_app_api/recipe_app_with_frontend/spec/factories/models.rb": [
        1,
        1,
        null,
        null,
        null
      ],
      "/Users/edward/Desktop/Software Engineering aspects/Rails_projects/recipe_app_api/recipe_app_with_frontend/spec/factories/recipes.rb": [
        1,
        1,
        22,
        null,
        22,
        null,
        null,
        22,
        22,
        1,
        null,
        null
      ],
      "/Users/edward/Desktop/Software Engineering aspects/Rails_projects/recipe_app_api/recipe_app_with_frontend/spec/factories/users.rb": [
        1,
        1,
        25,
        25,
        25,
        null,
        null
      ],
      "/Users/edward/Desktop/Software Engineering aspects/Rails_projects/recipe_app_api/recipe_app_with_frontend/config/routes.rb": [
        1,
        1,
        1,
        null,
        null,
        1,
        1,
        1,
        null,
        null,
        1,
        1,
        1,
        1,
        null,
        null,
        1,
        1,
        1,
        null,
        1,
        1,
        1,
        null,
        null,
        null,
        1,
        1,
        1,
        null
      ],
      "/Users/edward/Desktop/Software Engineering aspects/Rails_projects/recipe_app_api/recipe_app_with_frontend/app/models/user.rb": [
        1,
        null,
        null,
        null,
        null,
        null,
        1,
        1,
        null,
        1,
        null,
        1,
        1,
        1,
        null,
        null
      ],
      "/Users/edward/Desktop/Software Engineering aspects/Rails_projects/recipe_app_api/recipe_app_with_frontend/app/models/application_record.rb": [
        1,
        1,
        null
      ],
      "/Users/edward/Desktop/Software Engineering aspects/Rails_projects/recipe_app_api/recipe_app_with_frontend/app/models/model.rb": [
        1,
        null,
        null,
        1,
        null,
        null
      ],
      "/Users/edward/Desktop/Software Engineering aspects/Rails_projects/recipe_app_api/recipe_app_with_frontend/app/helpers/application_helper.rb": [
        1,
        null
      ],
      "/Users/edward/Desktop/Software Engineering aspects/Rails_projects/recipe_app_api/recipe_app_with_frontend/app/helpers/comments_helper.rb": [
        1,
        null
      ],
      "/Users/edward/Desktop/Software Engineering aspects/Rails_projects/recipe_app_api/recipe_app_with_frontend/app/helpers/recipes_helper.rb": [
        1,
        null
      ],
      "/Users/edward/Desktop/Software Engineering aspects/Rails_projects/recipe_app_api/recipe_app_with_frontend/app/helpers/sessions_helper.rb": [
        1,
        null
      ],
      "/Users/edward/Desktop/Software Engineering aspects/Rails_projects/recipe_app_api/recipe_app_with_frontend/app/helpers/users_helper.rb": [
        1,
        null
      ],
      "/Users/edward/Desktop/Software Engineering aspects/Rails_projects/recipe_app_api/recipe_app_with_frontend/spec/support/factory_bot.rb": [
        null,
        1,
        1,
        null
      ],
      "/Users/edward/Desktop/Software Engineering aspects/Rails_projects/recipe_app_api/recipe_app_with_frontend/spec/helpers/recipes_helper_spec.rb": [
        1,
        null,
        null,
        null,
        null,
        null,
        null,
        null,
        null,
        null,
        null,
        null,
        1,
        1,
        null
      ],
      "/Users/edward/Desktop/Software Engineering aspects/Rails_projects/recipe_app_api/recipe_app_with_frontend/spec/helpers/sessions_helper_spec.rb": [
        1,
        null,
        null,
        null,
        null,
        null,
        null,
        null,
        null,
        null,
        null,
        null,
        1,
        1,
        null
      ],
      "/Users/edward/Desktop/Software Engineering aspects/Rails_projects/recipe_app_api/recipe_app_with_frontend/spec/helpers/users_helper_spec.rb": [
        1,
        null,
        null,
        null,
        null,
        null,
        null,
        null,
        null,
        null,
        null,
        null,
        1,
        1,
        null
      ],
      "/Users/edward/Desktop/Software Engineering aspects/Rails_projects/recipe_app_api/recipe_app_with_frontend/spec/models/comment_spec.rb": [
        1,
        null,
        1,
        4,
        4,
        4,
        2,
        2,
        2,
        null
      ],
      "/Users/edward/Desktop/Software Engineering aspects/Rails_projects/recipe_app_api/recipe_app_with_frontend/app/models/comment.rb": [
        1,
        1,
        1,
        1,
        null
      ],
      "/Users/edward/Desktop/Software Engineering aspects/Rails_projects/recipe_app_api/recipe_app_with_frontend/spec/models/model_spec.rb": [
        1,
        null,
        1,
        1,
        null
      ],
      "/Users/edward/Desktop/Software Engineering aspects/Rails_projects/recipe_app_api/recipe_app_with_frontend/spec/models/recipe_spec.rb": [
        1,
        null,
        1,
        4,
        4,
        2,
        2,
        2,
        null
      ],
      "/Users/edward/Desktop/Software Engineering aspects/Rails_projects/recipe_app_api/recipe_app_with_frontend/app/models/recipe.rb": [
        1,
        1,
        1,
        1,
        1,
        null
      ],
      "/Users/edward/Desktop/Software Engineering aspects/Rails_projects/recipe_app_api/recipe_app_with_frontend/spec/models/user_spec.rb": [
        1,
        null,
        1,
        null,
        8,
        8,
        8,
        2,
        2,
        null,
        1,
        null,
        null,
        1,
        1,
        1,
        1,
        null,
        1,
        1,
        1,
        null,
        1,
        1,
        1,
        null,
        null,
        1,
        1,
        1,
        null,
        null,
        null,
        1,
        1,
        1,
        1,
        null,
        null,
        null,
        null
      ],
      "/Users/edward/Desktop/Software Engineering aspects/Rails_projects/recipe_app_api/recipe_app_with_frontend/spec/requests/comments_spec.rb": [
        1,
        null,
        1,
        3,
        3,
        3,
        null,
        1,
        1,
        1,
        2,
        null,
        null,
        1,
        1,
        1,
        null,
        null
      ],
      "/Users/edward/Desktop/Software Engineering aspects/Rails_projects/recipe_app_api/recipe_app_with_frontend/spec/requests/recipes_spec.rb": [
        1,
        null,
        1,
        7,
        7,
        null,
        1,
        null,
        1,
        1,
        1,
        null,
        null,
        1,
        1,
        1,
        null,
        null,
        null,
        1,
        1,
        1,
        1,
        2,
        null,
        null,
        1,
        1,
        1,
        null,
        null,
        1,
        1,
        1,
        null,
        null,
        null,
        1,
        1,
        1,
        1,
        2,
        null,
        null,
        null
      ],
      "/Users/edward/Desktop/Software Engineering aspects/Rails_projects/recipe_app_api/recipe_app_with_frontend/spec/requests/sessions_spec.rb": [
        1,
        null,
        1,
        4,
        null,
        1,
        1,
        1,
        1,
        1,
        null,
        null,
        1,
        1,
        1,
        1,
        1,
        null,
        null,
        1,
        1,
        1,
        1,
        null,
        null,
        1,
        1,
        1,
        1,
        1,
        null,
        null,
        null,
        null,
        1,
        1,
        1,
        1,
        1,
        1,
        1,
        null,
        null,
        null,
        null,
        null,
        null,
        null
      ],
      "/Users/edward/Desktop/Software Engineering aspects/Rails_projects/recipe_app_api/recipe_app_with_frontend/spec/requests/users_spec.rb": [
        1,
        null,
        1,
        3,
        null,
        1,
        1,
        1,
        1,
        1,
        null,
        null,
        null,
        1,
        1,
        1,
        1,
        1,
        null,
        null,
        1,
        1,
        1,
        1,
        null,
        null,
        1,
        1,
        1,
        null,
        null,
        null,
        null,
        null
      ],
      "/Users/edward/Desktop/Software Engineering aspects/Rails_projects/recipe_app_api/recipe_app_with_frontend/spec/routing/comments_routing_spec.rb": [

      ],
      "/Users/edward/Desktop/Software Engineering aspects/Rails_projects/recipe_app_api/recipe_app_with_frontend/spec/routing/recipes_routing_spec.rb": [
        null
      ],
      "/Users/edward/Desktop/Software Engineering aspects/Rails_projects/recipe_app_api/recipe_app_with_frontend/spec/routing/users_routing_spec.rb": [

      ],
      "/Users/edward/Desktop/Software Engineering aspects/Rails_projects/recipe_app_api/recipe_app_with_frontend/app/controllers/comments_controller.rb": [
        1,
        null,
        1,
        1,
        null,
        null,
        1,
        1,
        1,
        1,
        null,
        null,
        null,
        1,
        1,
        null,
        null,
        null
      ],
      "/Users/edward/Desktop/Software Engineering aspects/Rails_projects/recipe_app_api/recipe_app_with_frontend/app/controllers/application_controller.rb": [
        1,
        null
      ],
      "/Users/edward/Desktop/Software Engineering aspects/Rails_projects/recipe_app_api/recipe_app_with_frontend/app/controllers/recipes_controller.rb": [
        1,
        null,
        null,
        1,
        2,
        null,
        null,
        null,
        1,
        0,
        null,
        null,
        1,
        1,
        1,
        null,
        null,
        null,
        null,
        1,
        0,
        null,
        null,
        1,
        1,
        1,
        null,
        null,
        1,
        1,
        1,
        null,
        null,
        1,
        1,
        1,
        1,
        null,
        null,
        null,
        1,
        2,
        null,
        null,
        null
      ],
      "/Users/edward/Desktop/Software Engineering aspects/Rails_projects/recipe_app_api/recipe_app_with_frontend/app/controllers/sessions_controller.rb": [
        1,
        1,
        null,
        1,
        null,
        null,
        1,
        3,
        3,
        null,
        2,
        null,
        2,
        null,
        null,
        null,
        null,
        null,
        null,
        1,
        1,
        null,
        null,
        1,
        1,
        1,
        1,
        null,
        0,
        null,
        null,
        null,
        1,
        0,
        null,
        null
      ],
      "/Users/edward/Desktop/Software Engineering aspects/Rails_projects/recipe_app_api/recipe_app_with_frontend/app/controllers/users_controller.rb": [
        1,
        null,
        null,
        1,
        1,
        1,
        null,
        null,
        1,
        3,
        3,
        null,
        null,
        3,
        3,
        null,
        null,
        null,
        1,
        3,
        null,
        null,
        null
      ]
    },
    "timestamp": 1630355257
  }
}
